stalker-sdk/build/intermediates/manifest_merge_blame_file/debug/manifest-merger-blame-debug-report.txt
1<?xml version="1.0" encoding="utf-8"?>
2<manifest xmlns:android="http://schemas.android.com/apk/res/android"
3    package="it.qbteam" >
4
5    <uses-sdk
6        android:minSdkVersion="15"
6-->src\main\AndroidManifest.xml
7        android:targetSdkVersion="28" />
7-->src\main\AndroidManifest.xml
8
9    <uses-permission android:name="android.permission.INTERNET" />
9-->src\main\AndroidManifest.xml:2:5-67
9-->src\main\AndroidManifest.xml:2:22-64
10    <uses-permission android:name="android.permission.ACCESS_NETWORK_STATE" />
10-->src\main\AndroidManifest.xml:3:5-79
10-->src\main\AndroidManifest.xml:3:22-76
11
12    <application />
12-->src\main\AndroidManifest.xml:4:5-20
13
14</manifest>